<?xml version="1.0" encoding="utf-8" standalone="no"?>
<test-results xmlns:xsi="http://www.w3.org/2001/XMLSchema-instance" xsi:noNamespaceSchemaLocation="nunit_schema_2.5.xsd" name="Pester" total="337" errors="0" failures="0" not-run="0" inconclusive="0" ignored="0" skipped="0" invalid="0" date="2026-07-12" time="16:06:16">
  <environment machine-name="Jorges-MacBook-Pro.local" user="jorgeasaurus" nunit-version="2.5.8.0" cwd="/Users/jorgeasaurus/.copilot/worktrees/IntuneHydrationKit/jorgeasaurus/frizzy-danette" user-domain="" clr-version="10.0.5" platform="Darwin" os-version="25.5.0" />
  <culture-info current-culture="en-US" current-uiculture="en-US" />
  <test-suite type="TestFixture" name="Pester" executed="True" result="Success" success="True" time="4.8678" asserts="0" description="Pester">
    <results>
      <test-suite type="TestFixture" name="/Users/jorgeasaurus/.copilot/worktrees/IntuneHydrationKit/jorgeasaurus/frizzy-danette/Tests/Public/Connect-IntuneHydration.Tests.ps1" executed="True" result="Success" success="True" time="0.5751" asserts="0" description="/Users/jorgeasaurus/.copilot/worktrees/IntuneHydrationKit/jorgeasaurus/frizzy-danette/Tests/Public/Connect-IntuneHydration.Tests.ps1">
        <results>
          <test-suite type="TestFixture" name="Connect-IntuneHydration" executed="True" result="Success" success="True" time="0.3285" asserts="0" description="Connect-IntuneHydration">
            <results>
              <test-suite type="TestFixture" name="Connect-IntuneHydration.Parameter Validation" executed="True" result="Success" success="True" time="0.0745" asserts="0" description="Connect-IntuneHydration.Parameter Validation">
                <results>
                  <test-case description="Should require TenantId parameter" name="Connect-IntuneHydration.Parameter Validation.Should require TenantId parameter" time="0.0419" asserts="0" success="True" result="Success" executed="True" />
                  <test-case description="Should have Interactive parameter set" name="Connect-IntuneHydration.Parameter Validation.Should have Interactive parameter set" time="0.0034" asserts="0" success="True" result="Success" executed="True" />
                  <test-case description="Should have ClientSecret parameter set" name="Connect-IntuneHydration.Parameter Validation.Should have ClientSecret parameter set" time="0.0015" asserts="0" success="True" result="Success" executed="True" />
                  <test-case description="Should require ClientId when using ClientSecret parameter set" name="Connect-IntuneHydration.Parameter Validation.Should require ClientId when using ClientSecret parameter set" time="0.0077" asserts="0" success="True" result="Success" executed="True" />
                  <test-case description="Should require ClientSecret as SecureString" name="Connect-IntuneHydration.Parameter Validation.Should require ClientSecret as SecureString" time="0.0025" asserts="0" success="True" result="Success" executed="True" />
                  <test-case description="Should validate Environment parameter values" name="Connect-IntuneHydration.Parameter Validation.Should validate Environment parameter values" time="0.0066" asserts="0" success="True" result="Success" executed="True" />
                  <test-case description="Should default Environment to Global" name="Connect-IntuneHydration.Parameter Validation.Should default Environment to Global" time="0.0026" asserts="0" success="True" result="Success" executed="True" />
                </results>
              </test-suite>
              <test-suite type="TestFixture" name="Connect-IntuneHydration.Graph Environment Mapping" executed="True" result="Success" success="True" time="0.1869" asserts="0" description="Connect-IntuneHydration.Graph Environment Mapping">
                <results>
                  <test-case description="Should set correct endpoint for Global environment" name="Connect-IntuneHydration.Graph Environment Mapping.Should set correct endpoint for Global environment" time="0.0346" asserts="0" success="True" result="Success" executed="True" />
                  <test-case description="Should set correct endpoint for USGov environment" name="Connect-IntuneHydration.Graph Environment Mapping.Should set correct endpoint for USGov environment" time="0.0076" asserts="0" success="True" result="Success" executed="True" />
                  <test-case description="Should set correct endpoint for USGovDoD environment" name="Connect-IntuneHydration.Graph Environment Mapping.Should set correct endpoint for USGovDoD environment" time="0.0039" asserts="0" success="True" result="Success" executed="True" />
                  <test-case description="Should set correct endpoint for Germany environment" name="Connect-IntuneHydration.Graph Environment Mapping.Should set correct endpoint for Germany environment" time="0.0032" asserts="0" success="True" result="Success" executed="True" />
                  <test-case description="Should set correct endpoint for China environment" name="Connect-IntuneHydration.Graph Environment Mapping.Should set correct endpoint for China environment" time="0.013" asserts="0" success="True" result="Success" executed="True" />
                </results>
              </test-suite>
              <test-suite type="TestFixture" name="Connect-IntuneHydration.Interactive Authentication" executed="True" result="Success" success="True" time="0.2379" asserts="0" description="Connect-IntuneHydration.Interactive Authentication">
                <results>
                  <test-case description="Should call Connect-MgGraph with scopes for interactive auth" name="Connect-IntuneHydration.Interactive Authentication.Should call Connect-MgGraph with scopes for interactive auth" time="0.0293" asserts="0" success="True" result="Success" executed="True" />
                  <test-case description="Should update HydrationState on successful connection" name="Connect-IntuneHydration.Interactive Authentication.Should update HydrationState on successful connection" time="0.0098" asserts="0" success="True" result="Success" executed="True" />
                  <test-case description="Should store environment in HydrationState" name="Connect-IntuneHydration.Interactive Authentication.Should store environment in HydrationState" time="0.0038" asserts="0" success="True" result="Success" executed="True" />
                </results>
              </test-suite>
              <test-suite type="TestFixture" name="Connect-IntuneHydration.Client Secret Authentication" executed="True" result="Success" success="True" time="0.2758" asserts="0" description="Connect-IntuneHydration.Client Secret Authentication">
                <results>
                  <test-case description="Should call Connect-MgGraph with ClientSecretCredential for app auth" name="Connect-IntuneHydration.Client Secret Authentication.Should call Connect-MgGraph with ClientSecretCredential for app auth" time="0.021" asserts="0" success="True" result="Success" executed="True" />
                  <test-case description="Should not include Scopes parameter for client secret auth" name="Connect-IntuneHydration.Client Secret Authentication.Should not include Scopes parameter for client secret auth" time="0.009" asserts="0" success="True" result="Success" executed="True" />
                </results>
              </test-suite>
              <test-suite type="TestFixture" name="Connect-IntuneHydration.Error Handling" executed="True" result="Success" success="True" time="0.3033" asserts="0" description="Connect-IntuneHydration.Error Handling">
                <results>
                  <test-case description="Should throw when Connect-MgGraph fails" name="Connect-IntuneHydration.Error Handling.Should throw when Connect-MgGraph fails" time="0.0195" asserts="0" success="True" result="Success" executed="True" />
                  <test-case description="Should not update HydrationState when connection fails" name="Connect-IntuneHydration.Error Handling.Should not update HydrationState when connection fails" time="0.0067" asserts="0" success="True" result="Success" executed="True" />
                </results>
              </test-suite>
              <test-suite type="TestFixture" name="Connect-IntuneHydration.Required Scopes" executed="True" result="Success" success="True" time="0.3245" asserts="0" description="Connect-IntuneHydration.Required Scopes">
                <results>
                  <test-case description="Should request DeviceManagementConfiguration.ReadWrite.All scope" name="Connect-IntuneHydration.Required Scopes.Should request DeviceManagementConfiguration.ReadWrite.All scope" time="0.0041" asserts="0" success="True" result="Success" executed="True" />
                  <test-case description="Should request Group.ReadWrite.All scope" name="Connect-IntuneHydration.Required Scopes.Should request Group.ReadWrite.All scope" time="0.0038" asserts="0" success="True" result="Success" executed="True" />
                  <test-case description="Should request Policy.ReadWrite.ConditionalAccess scope" name="Connect-IntuneHydration.Required Scopes.Should request Policy.ReadWrite.ConditionalAccess scope" time="0.005" asserts="0" success="True" result="Success" executed="True" />
                </results>
              </test-suite>
            </results>
          </test-suite>
        </results>
      </test-suite>
      <test-suite type="TestFixture" name="/Users/jorgeasaurus/.copilot/worktrees/IntuneHydrationKit/jorgeasaurus/frizzy-danette/Tests/Public/Get-OpenIntuneBaseline.Tests.ps1" executed="True" result="Success" success="True" time="0.3048" asserts="0" description="/Users/jorgeasaurus/.copilot/worktrees/IntuneHydrationKit/jorgeasaurus/frizzy-danette/Tests/Public/Get-OpenIntuneBaseline.Tests.ps1">
        <results>
          <test-suite type="TestFixture" name="Get-OpenIntuneBaseline" executed="True" result="Success" success="True" time="0.2794" asserts="0" description="Get-OpenIntuneBaseline">
            <results>
              <test-suite type="TestFixture" name="Get-OpenIntuneBaseline.Parameter Validation" executed="True" result="Success" success="True" time="0.0104" asserts="0" description="Get-OpenIntuneBaseline.Parameter Validation">
                <results>
                  <test-case description="Should have RepoUrl parameter with default value" name="Get-OpenIntuneBaseline.Parameter Validation.Should have RepoUrl parameter with default value" time="0.0018" asserts="0" success="True" result="Success" executed="True" />
                  <test-case description="Should have Branch parameter with default value" name="Get-OpenIntuneBaseline.Parameter Validation.Should have Branch parameter with default value" time="0.0015" asserts="0" success="True" result="Success" executed="True" />
                  <test-case description="Should have DestinationPath parameter" name="Get-OpenIntuneBaseline.Parameter Validation.Should have DestinationPath parameter" time="0.0034" asserts="0" success="True" result="Success" executed="True" />
                  <test-case description="Should not require any mandatory parameters" name="Get-OpenIntuneBaseline.Parameter Validation.Should not require any mandatory parameters" time="0.0027" asserts="0" success="True" result="Success" executed="True" />
                </results>
              </test-suite>
              <test-suite type="TestFixture" name="Get-OpenIntuneBaseline.Default Values" executed="True" result="Success" success="True" time="0.0153" asserts="0" description="Get-OpenIntuneBaseline.Default Values">
                <results>
                  <test-case description="Should default RepoUrl to OpenIntuneBaseline GitHub repo" name="Get-OpenIntuneBaseline.Default Values.Should default RepoUrl to OpenIntuneBaseline GitHub repo" time="0.0027" asserts="0" success="True" result="Success" executed="True" />
                  <test-case description="Should default Branch to main" name="Get-OpenIntuneBaseline.Default Values.Should default Branch to main" time="0.0012" asserts="0" success="True" result="Success" executed="True" />
                </results>
              </test-suite>
              <test-suite type="TestFixture" name="Get-OpenIntuneBaseline.URL Construction" executed="True" result="Success" success="True" time="0.0992" asserts="0" description="Get-OpenIntuneBaseline.URL Construction">
                <results>
                  <test-case description="Should construct correct zip URL for default repo and branch" name="Get-OpenIntuneBaseline.URL Construction.Should construct correct zip URL for default repo and branch" time="0.0308" asserts="0" success="True" result="Success" executed="True" />
                  <test-case description="Should construct correct zip URL for custom branch" name="Get-OpenIntuneBaseline.URL Construction.Should construct correct zip URL for custom branch" time="0.0063" asserts="0" success="True" result="Success" executed="True" />
                  <test-case description="Should construct correct zip URL for custom repo" name="Get-OpenIntuneBaseline.URL Construction.Should construct correct zip URL for custom repo" time="0.0076" asserts="0" success="True" result="Success" executed="True" />
                </results>
              </test-suite>
              <test-suite type="TestFixture" name="Get-OpenIntuneBaseline.Destination Path Handling" executed="True" result="Success" success="True" time="0.142" asserts="0" description="Get-OpenIntuneBaseline.Destination Path Handling">
                <results>
                  <test-case description="Should use temp directory when DestinationPath not specified" name="Get-OpenIntuneBaseline.Destination Path Handling.Should use temp directory when DestinationPath not specified" time="0.0015" asserts="0" success="True" result="Success" executed="True" />
                  <test-case description="Should return the destination path on success" name="Get-OpenIntuneBaseline.Destination Path Handling.Should return the destination path on success" time="0.0085" asserts="0" success="True" result="Success" executed="True" />
                  <test-case description="Should clean existing directory before extraction" name="Get-OpenIntuneBaseline.Destination Path Handling.Should clean existing directory before extraction" time="0.0191" asserts="0" success="True" result="Success" executed="True" />
                </results>
              </test-suite>
              <test-suite type="TestFixture" name="Get-OpenIntuneBaseline.Archive Extraction" executed="True" result="Success" success="True" time="0.1798" asserts="0" description="Get-OpenIntuneBaseline.Archive Extraction">
                <results>
                  <test-case description="Should call Expand-Archive with Force parameter" name="Get-OpenIntuneBaseline.Archive Extraction.Should call Expand-Archive with Force parameter" time="0.0149" asserts="0" success="True" result="Success" executed="True" />
                  <test-case description="Should extract to the specified destination path" name="Get-OpenIntuneBaseline.Archive Extraction.Should extract to the specified destination path" time="0.0104" asserts="0" success="True" result="Success" executed="True" />
                </results>
              </test-suite>
              <test-suite type="TestFixture" name="Get-OpenIntuneBaseline.Subfolder Handling" executed="True" result="Success" success="True" time="0.2138" asserts="0" description="Get-OpenIntuneBaseline.Subfolder Handling">
                <results>
                  <test-case description="Should move extracted subfolder contents up one level" name="Get-OpenIntuneBaseline.Subfolder Handling.Should move extracted subfolder contents up one level" time="0.0255" asserts="0" success="True" result="Success" executed="True" />
                </results>
              </test-suite>
              <test-suite type="TestFixture" name="Get-OpenIntuneBaseline.Cleanup" executed="True" result="Success" success="True" time="0.2366" asserts="0" description="Get-OpenIntuneBaseline.Cleanup">
                <results>
                  <test-case description="Should clean up downloaded zip file after extraction" name="Get-OpenIntuneBaseline.Cleanup.Should clean up downloaded zip file after extraction" time="0.0116" asserts="0" success="True" result="Success" executed="True" />
                </results>
              </test-suite>
              <test-suite type="TestFixture" name="Get-OpenIntuneBaseline.Error Handling" executed="True" result="Success" success="True" time="0.2628" asserts="0" description="Get-OpenIntuneBaseline.Error Handling">
                <results>
                  <test-case description="Should throw when download fails" name="Get-OpenIntuneBaseline.Error Handling.Should throw when download fails" time="0.0072" asserts="0" success="True" result="Success" executed="True" />
                  <test-case description="Should throw when extraction fails" name="Get-OpenIntuneBaseline.Error Handling.Should throw when extraction fails" time="0.0113" asserts="0" success="True" result="Success" executed="True" />
                  <test-case description="Should include error details in thrown exception" name="Get-OpenIntuneBaseline.Error Handling.Should include error details in thrown exception" time="0.0066" asserts="0" success="True" result="Success" executed="True" />
                </results>
              </test-suite>
              <test-suite type="TestFixture" name="Get-OpenIntuneBaseline.WhatIf Behavior" executed="True" result="Success" success="True" time="0.2784" asserts="0" description="Get-OpenIntuneBaseline.WhatIf Behavior">
                <results>
                  <test-case description="Should execute Remove-Item regardless of WhatIf preference" name="Get-OpenIntuneBaseline.WhatIf Behavior.Should execute Remove-Item regardless of WhatIf preference" time="0.0011" asserts="0" success="True" result="Success" executed="True" />
                  <test-case description="Should execute Expand-Archive regardless of WhatIf preference" name="Get-OpenIntuneBaseline.WhatIf Behavior.Should execute Expand-Archive regardless of WhatIf preference" time="0.001" asserts="0" success="True" result="Success" executed="True" />
                  <test-case description="Should execute Move-Item regardless of WhatIf preference" name="Get-OpenIntuneBaseline.WhatIf Behavior.Should execute Move-Item regardless of WhatIf preference" time="0.001" asserts="0" success="True" result="Success" executed="True" />
                </results>
              </test-suite>
            </results>
          </test-suite>
        </results>
      </test-suite>
      <test-suite type="TestFixture" name="/Users/jorgeasaurus/.copilot/worktrees/IntuneHydrationKit/jorgeasaurus/frizzy-danette/Tests/Public/Import-HydrationSettings.Tests.ps1" executed="True" result="Success" success="True" time="0.0845" asserts="0" description="/Users/jorgeasaurus/.copilot/worktrees/IntuneHydrationKit/jorgeasaurus/frizzy-danette/Tests/Public/Import-HydrationSettings.Tests.ps1">
        <results>
          <test-suite type="TestFixture" name="Import-HydrationSettings" executed="True" result="Success" success="True" time="0.0679" asserts="0" description="Import-HydrationSettings">
            <results>
              <test-suite type="TestFixture" name="Import-HydrationSettings.Parameter Validation" executed="True" result="Success" success="True" time="0.0091" asserts="0" description="Import-HydrationSettings.Parameter Validation">
                <results>
                  <test-case description="Should have Path parameter mandatory" name="Import-HydrationSettings.Parameter Validation.Should have Path parameter mandatory" time="0.0057" asserts="0" success="True" result="Success" executed="True" />
                  <test-case description="Should validate that Path exists" name="Import-HydrationSettings.Parameter Validation.Should validate that Path exists" time="0.0023" asserts="0" success="True" result="Success" executed="True" />
                </results>
              </test-suite>
              <test-suite type="TestFixture" name="Import-HydrationSettings.Loading Settings from File" executed="True" result="Success" success="True" time="0.0533" asserts="0" description="Import-HydrationSettings.Loading Settings from File">
                <results>
                  <test-case description="Should load valid settings file" name="Import-HydrationSettings.Loading Settings from File.Should load valid settings file" time="0.0144" asserts="0" success="True" result="Success" executed="True" />
                  <test-case description="Should preserve all settings properties" name="Import-HydrationSettings.Loading Settings from File.Should preserve all settings properties" time="0.0101" asserts="0" success="True" result="Success" executed="True" />
                  <test-case description="Should throw when tenantId is missing" name="Import-HydrationSettings.Loading Settings from File.Should throw when tenantId is missing" time="0.0046" asserts="0" success="True" result="Success" executed="True" />
                  <test-case description="Should throw for invalid JSON" name="Import-HydrationSettings.Loading Settings from File.Should throw for invalid JSON" time="0.0064" asserts="0" success="True" result="Success" executed="True" />
                  <test-case description="Should throw for non-existent file" name="Import-HydrationSettings.Loading Settings from File.Should throw for non-existent file" time="0.0035" asserts="0" success="True" result="Success" executed="True" />
                  <test-case description="Should handle UTF-8 encoded files" name="Import-HydrationSettings.Loading Settings from File.Should handle UTF-8 encoded files" time="0.004" asserts="0" success="True" result="Success" executed="True" />
                </results>
              </test-suite>
              <test-suite type="TestFixture" name="Import-HydrationSettings.Return Type" executed="True" result="Success" success="True" time="0.067" asserts="0" description="Import-HydrationSettings.Return Type">
                <results>
                  <test-case description="Should return hashtable from file" name="Import-HydrationSettings.Return Type.Should return hashtable from file" time="0.0127" asserts="0" success="True" result="Success" executed="True" />
                </results>
              </test-suite>
            </results>
          </test-suite>
        </results>
      </test-suite>
      <test-suite type="TestFixture" name="/Users/jorgeasaurus/.copilot/worktrees/IntuneHydrationKit/jorgeasaurus/frizzy-danette/Tests/Public/Import-IntuneBaseline.Tests.ps1" executed="True" result="Success" success="True" time="0.1413" asserts="0" description="/Users/jorgeasaurus/.copilot/worktrees/IntuneHydrationKit/jorgeasaurus/frizzy-danette/Tests/Public/Import-IntuneBaseline.Tests.ps1">
        <results>
          <test-suite type="TestFixture" name="Import-IntuneBaseline" executed="True" result="Success" success="True" time="0.1283" asserts="0" description="Import-IntuneBaseline">
            <results>
              <test-suite type="TestFixture" name="Import-IntuneBaseline.Parameter validation" executed="True" result="Success" success="True" time="0.0132" asserts="0" description="Import-IntuneBaseline.Parameter validation">
                <results>
                  <test-case description="Should expose RepoUrl and Branch parameters" name="Import-IntuneBaseline.Parameter validation.Should expose RepoUrl and Branch parameters" time="0.0122" asserts="0" success="True" result="Success" executed="True" />
                </results>
              </test-suite>
              <test-suite type="TestFixture" name="Import-IntuneBaseline.IntuneManagement imports" executed="True" result="Success" success="True" time="0.0739" asserts="0" description="Import-IntuneBaseline.IntuneManagement imports">
                <results>
                  <test-case description="Should detect duplicates by name when displayName is missing" name="Import-IntuneBaseline.IntuneManagement imports.Should detect duplicates by name when displayName is missing" time="0.0595" asserts="0" success="True" result="Success" executed="True" />
                </results>
              </test-suite>
              <test-suite type="TestFixture" name="Import-IntuneBaseline.App protection imports" executed="True" result="Success" success="True" time="0.1273" asserts="0" description="Import-IntuneBaseline.App protection imports">
                <results>
                  <test-case description="Should POST Android app protection policies to the concrete endpoint" name="Import-IntuneBaseline.App protection imports.Should POST Android app protection policies to the concrete endpoint" time="0.0522" asserts="0" success="True" result="Success" executed="True" />
                </results>
              </test-suite>
            </results>
          </test-suite>
        </results>
      </test-suite>
      <test-suite type="TestFixture" name="/Users/jorgeasaurus/.copilot/worktrees/IntuneHydrationKit/jorgeasaurus/frizzy-danette/Tests/Public/Import-IntuneCompliancePolicy.Tests.ps1" executed="True" result="Success" success="True" time="0.3008" asserts="0" description="/Users/jorgeasaurus/.copilot/worktrees/IntuneHydrationKit/jorgeasaurus/frizzy-danette/Tests/Public/Import-IntuneCompliancePolicy.Tests.ps1">
        <results>
          <test-suite type="TestFixture" name="Import-IntuneCompliancePolicy" executed="True" result="Success" success="True" time="0.2794" asserts="0" description="Import-IntuneCompliancePolicy">
            <results>
              <test-suite type="TestFixture" name="Import-IntuneCompliancePolicy.Parameter Validation" executed="True" result="Success" success="True" time="0.0114" asserts="0" description="Import-IntuneCompliancePolicy.Parameter Validation">
                <results>
                  <test-case description="Should have TemplatePath parameter" name="Import-IntuneCompliancePolicy.Parameter Validation.Should have TemplatePath parameter" time="0.0016" asserts="0" success="True" result="Success" executed="True" />
                  <test-case description="Should have Platform parameter with ValidateSet" name="Import-IntuneCompliancePolicy.Parameter Validation.Should have Platform parameter with ValidateSet" time="0.0027" asserts="0" success="True" result="Success" executed="True" />
                  <test-case description="Should support ShouldProcess" name="Import-IntuneCompliancePolicy.Parameter Validation.Should support ShouldProcess" time="0.0023" asserts="0" success="True" result="Success" executed="True" />
                  <test-case description="Should have RemoveExisting switch parameter" name="Import-IntuneCompliancePolicy.Parameter Validation.Should have RemoveExisting switch parameter" time="0.0014" asserts="0" success="True" result="Success" executed="True" />
                </results>
              </test-suite>
              <test-suite type="TestFixture" name="Import-IntuneCompliancePolicy.Create Mode - Standard Compliance Policy" executed="True" result="Success" success="True" time="0.1041" asserts="0" description="Import-IntuneCompliancePolicy.Create Mode - Standard Compliance Policy">
                <results>
                  <test-case description="Should prefetch existing policies from both endpoints" name="Import-IntuneCompliancePolicy.Create Mode - Standard Compliance Policy.Should prefetch existing policies from both endpoints" time="0.0309" asserts="0" success="True" result="Success" executed="True" />
                  <test-case description="Should skip policy if it already exists" name="Import-IntuneCompliancePolicy.Create Mode - Standard Compliance Policy.Should skip policy if it already exists" time="0.0308" asserts="0" success="True" result="Success" executed="True" />
                  <test-case description="Should create policy if it does not exist" name="Import-IntuneCompliancePolicy.Create Mode - Standard Compliance Policy.Should create policy if it does not exist" time="0.0173" asserts="0" success="True" result="Success" executed="True" />
                  <test-case description="Should append hydration marker to description" name="Import-IntuneCompliancePolicy.Create Mode - Standard Compliance Policy.Should append hydration marker to description" time="0.0126" asserts="0" success="True" result="Success" executed="True" />
                </results>
              </test-suite>
              <test-suite type="TestFixture" name="Import-IntuneCompliancePolicy.Create Mode - Linux Compliance Policy" executed="True" result="Success" success="True" time="0.1196" asserts="0" description="Import-IntuneCompliancePolicy.Create Mode - Linux Compliance Policy">
                <results>
                  <test-case description="Should use compliancePolicies endpoint for Linux" name="Import-IntuneCompliancePolicy.Create Mode - Linux Compliance Policy.Should use compliancePolicies endpoint for Linux" time="0.0145" asserts="0" success="True" result="Success" executed="True" />
                </results>
              </test-suite>
              <test-suite type="TestFixture" name="Import-IntuneCompliancePolicy.WhatIf Support" executed="True" result="Success" success="True" time="0.1676" asserts="0" description="Import-IntuneCompliancePolicy.WhatIf Support">
                <results>
                  <test-case description="Should not call POST when WhatIf is specified" name="Import-IntuneCompliancePolicy.WhatIf Support.Should not call POST when WhatIf is specified" time="0.0143" asserts="0" success="True" result="Success" executed="True" />
                  <test-case description="Should return WouldCreate action when WhatIf is specified" name="Import-IntuneCompliancePolicy.WhatIf Support.Should return WouldCreate action when WhatIf is specified" time="0.0112" asserts="0" success="True" result="Success" executed="True" />
                  <test-case description="Should not create custom compliance script when WhatIf is specified" name="Import-IntuneCompliancePolicy.WhatIf Support.Should not create custom compliance script when WhatIf is specified" time="0.0214" asserts="0" success="True" result="Success" executed="True" />
                </results>
              </test-suite>
              <test-suite type="TestFixture" name="Import-IntuneCompliancePolicy.Delete Mode" executed="True" result="Success" success="True" time="0.2097" asserts="0" description="Import-IntuneCompliancePolicy.Delete Mode">
                <results>
                  <test-case description="Should list existing policies when RemoveExisting is specified" name="Import-IntuneCompliancePolicy.Delete Mode.Should list existing policies when RemoveExisting is specified" time="0.0118" asserts="0" success="True" result="Success" executed="True" />
                  <test-case description="Should only delete policies with hydration marker" name="Import-IntuneCompliancePolicy.Delete Mode.Should only delete policies with hydration marker" time="0.0114" asserts="0" success="True" result="Success" executed="True" />
                  <test-case description="Should delete policies when RemoveExisting is specified" name="Import-IntuneCompliancePolicy.Delete Mode.Should delete policies when RemoveExisting is specified" time="0.0109" asserts="0" success="True" result="Success" executed="True" />
                </results>
              </test-suite>
              <test-suite type="TestFixture" name="Import-IntuneCompliancePolicy.Error Handling" executed="True" result="Success" success="True" time="0.247" asserts="0" description="Import-IntuneCompliancePolicy.Error Handling">
                <results>
                  <test-case description="Should handle API errors gracefully" name="Import-IntuneCompliancePolicy.Error Handling.Should handle API errors gracefully" time="0.0186" asserts="0" success="True" result="Success" executed="True" />
                  <test-case description="Should return empty array when no templates found" name="Import-IntuneCompliancePolicy.Error Handling.Should return empty array when no templates found" time="0.0049" asserts="0" success="True" result="Success" executed="True" />
                  <test-case description="Should handle missing displayName in template" name="Import-IntuneCompliancePolicy.Error Handling.Should handle missing displayName in template" time="0.0125" asserts="0" success="True" result="Success" executed="True" />
                </results>
              </test-suite>
              <test-suite type="TestFixture" name="Import-IntuneCompliancePolicy.Platform Filtering" executed="True" result="Success" success="True" time="0.2567" asserts="0" description="Import-IntuneCompliancePolicy.Platform Filtering">
                <results>
                  <test-case description="Should pass platform parameter to Get-FilteredTemplates" name="Import-IntuneCompliancePolicy.Platform Filtering.Should pass platform parameter to Get-FilteredTemplates" time="0.0086" asserts="0" success="True" result="Success" executed="True" />
                </results>
              </test-suite>
              <test-suite type="TestFixture" name="Import-IntuneCompliancePolicy.Result Structure" executed="True" result="Success" success="True" time="0.2727" asserts="0" description="Import-IntuneCompliancePolicy.Result Structure">
                <results>
                  <test-case description="Should return results with correct structure" name="Import-IntuneCompliancePolicy.Result Structure.Should return results with correct structure" time="0.015" asserts="0" success="True" result="Success" executed="True" />
                </results>
              </test-suite>
            </results>
          </test-suite>
        </results>
      </test-suite>
      <test-suite type="TestFixture" name="/Users/jorgeasaurus/.copilot/worktrees/IntuneHydrationKit/jorgeasaurus/frizzy-danette/Tests/Public/Import-IntuneConditionalAccessPolicy.Tests.ps1" executed="True" result="Success" success="True" time="0.0501" asserts="0" description="/Users/jorgeasaurus/.copilot/worktrees/IntuneHydrationKit/jorgeasaurus/frizzy-danette/Tests/Public/Import-IntuneConditionalAccessPolicy.Tests.ps1">
        <results>
          <test-suite type="TestFixture" name="Import-IntuneConditionalAccessPolicy" executed="True" result="Success" success="True" time="0.0401" asserts="0" description="Import-IntuneConditionalAccessPolicy">
            <results>
              <test-suite type="TestFixture" name="Import-IntuneConditionalAccessPolicy.OData annotation cleanup" executed="True" result="Success" success="True" time="0.0331" asserts="0" description="Import-IntuneConditionalAccessPolicy.OData annotation cleanup">
                <results>
                  <test-case description="Should remove prefixed OData annotations but keep @odata.type" name="Import-IntuneConditionalAccessPolicy.OData annotation cleanup.Should remove prefixed OData annotations but keep @odata.type" time="0.0319" asserts="0" success="True" result="Success" executed="True" />
                </results>
              </test-suite>
            </results>
          </test-suite>
        </results>
      </test-suite>
      <test-suite type="TestFixture" name="/Users/jorgeasaurus/.copilot/worktrees/IntuneHydrationKit/jorgeasaurus/frizzy-danette/Tests/Public/Import-IntuneDeviceFilter.Tests.ps1" executed="True" result="Success" success="True" time="0.287" asserts="0" description="/Users/jorgeasaurus/.copilot/worktrees/IntuneHydrationKit/jorgeasaurus/frizzy-danette/Tests/Public/Import-IntuneDeviceFilter.Tests.ps1">
        <results>
          <test-suite type="TestFixture" name="Import-IntuneDeviceFilter" executed="True" result="Success" success="True" time="0.2648" asserts="0" description="Import-IntuneDeviceFilter">
            <results>
              <test-suite type="TestFixture" name="Import-IntuneDeviceFilter.Parameter Validation" executed="True" result="Success" success="True" time="0.0119" asserts="0" description="Import-IntuneDeviceFilter.Parameter Validation">
                <results>
                  <test-case description="Should have TemplatePath parameter" name="Import-IntuneDeviceFilter.Parameter Validation.Should have TemplatePath parameter" time="0.0012" asserts="0" success="True" result="Success" executed="True" />
                  <test-case description="Should have Platform parameter with ValidateSet" name="Import-IntuneDeviceFilter.Parameter Validation.Should have Platform parameter with ValidateSet" time="0.0069" asserts="0" success="True" result="Success" executed="True" />
                  <test-case description="Should support ShouldProcess" name="Import-IntuneDeviceFilter.Parameter Validation.Should support ShouldProcess" time="0.0013" asserts="0" success="True" result="Success" executed="True" />
                  <test-case description="Should have RemoveExisting switch parameter" name="Import-IntuneDeviceFilter.Parameter Validation.Should have RemoveExisting switch parameter" time="0.0013" asserts="0" success="True" result="Success" executed="True" />
                </results>
              </test-suite>
              <test-suite type="TestFixture" name="Import-IntuneDeviceFilter.Create Mode - Device Filters" executed="True" result="Success" success="True" time="0.0675" asserts="0" description="Import-IntuneDeviceFilter.Create Mode - Device Filters">
                <results>
                  <test-case description="Should prefetch existing filters" name="Import-IntuneDeviceFilter.Create Mode - Device Filters.Should prefetch existing filters" time="0.0176" asserts="0" success="True" result="Success" executed="True" />
                  <test-case description="Should skip filter if it already exists" name="Import-IntuneDeviceFilter.Create Mode - Device Filters.Should skip filter if it already exists" time="0.0121" asserts="0" success="True" result="Success" executed="True" />
                  <test-case description="Should create filter if it does not exist" name="Import-IntuneDeviceFilter.Create Mode - Device Filters.Should create filter if it does not exist" time="0.0131" asserts="0" success="True" result="Success" executed="True" />
                  <test-case description="Should append hydration marker to description" name="Import-IntuneDeviceFilter.Create Mode - Device Filters.Should append hydration marker to description" time="0.0118" asserts="0" success="True" result="Success" executed="True" />
                </results>
              </test-suite>
              <test-suite type="TestFixture" name="Import-IntuneDeviceFilter.Create Mode - Multiple Filters in Template" executed="True" result="Success" success="True" time="0.0853" asserts="0" description="Import-IntuneDeviceFilter.Create Mode - Multiple Filters in Template">
                <results>
                  <test-case description="Should create all filters from template" name="Import-IntuneDeviceFilter.Create Mode - Multiple Filters in Template.Should create all filters from template" time="0.0168" asserts="0" success="True" result="Success" executed="True" />
                </results>
              </test-suite>
              <test-suite type="TestFixture" name="Import-IntuneDeviceFilter.WhatIf Support" executed="True" result="Success" success="True" time="0.1081" asserts="0" description="Import-IntuneDeviceFilter.WhatIf Support">
                <results>
                  <test-case description="Should not call POST when WhatIf is specified" name="Import-IntuneDeviceFilter.WhatIf Support.Should not call POST when WhatIf is specified" time="0.0116" asserts="0" success="True" result="Success" executed="True" />
                  <test-case description="Should return WouldCreate action when WhatIf is specified" name="Import-IntuneDeviceFilter.WhatIf Support.Should return WouldCreate action when WhatIf is specified" time="0.0095" asserts="0" success="True" result="Success" executed="True" />
                </results>
              </test-suite>
              <test-suite type="TestFixture" name="Import-IntuneDeviceFilter.Delete Mode" executed="True" result="Success" success="True" time="0.142" asserts="0" description="Import-IntuneDeviceFilter.Delete Mode">
                <results>
                  <test-case description="Should list existing filters when RemoveExisting is specified" name="Import-IntuneDeviceFilter.Delete Mode.Should list existing filters when RemoveExisting is specified" time="0.0086" asserts="0" success="True" result="Success" executed="True" />
                  <test-case description="Should only delete filters with hydration marker" name="Import-IntuneDeviceFilter.Delete Mode.Should only delete filters with hydration marker" time="0.0097" asserts="0" success="True" result="Success" executed="True" />
                  <test-case description="Should delete filters when RemoveExisting is specified" name="Import-IntuneDeviceFilter.Delete Mode.Should delete filters when RemoveExisting is specified" time="0.0089" asserts="0" success="True" result="Success" executed="True" />
                </results>
              </test-suite>
              <test-suite type="TestFixture" name="Import-IntuneDeviceFilter.Error Handling" executed="True" result="Success" success="True" time="0.2125" asserts="0" description="Import-IntuneDeviceFilter.Error Handling">
                <results>
                  <test-case description="Should handle API errors gracefully" name="Import-IntuneDeviceFilter.Error Handling.Should handle API errors gracefully" time="0.0144" asserts="0" success="True" result="Success" executed="True" />
                  <test-case description="Should return empty array when no templates found" name="Import-IntuneDeviceFilter.Error Handling.Should return empty array when no templates found" time="0.0043" asserts="0" success="True" result="Success" executed="True" />
                  <test-case description="Should handle missing filters array in template" name="Import-IntuneDeviceFilter.Error Handling.Should handle missing filters array in template" time="0.0124" asserts="0" success="True" result="Success" executed="True" />
                  <test-case description="Should skip filters missing displayName" name="Import-IntuneDeviceFilter.Error Handling.Should skip filters missing displayName" time="0.0117" asserts="0" success="True" result="Success" executed="True" />
                  <test-case description="Should skip filters missing platform" name="Import-IntuneDeviceFilter.Error Handling.Should skip filters missing platform" time="0.0124" asserts="0" success="True" result="Success" executed="True" />
                  <test-case description="Should skip filters missing rule" name="Import-IntuneDeviceFilter.Error Handling.Should skip filters missing rule" time="0.0142" asserts="0" success="True" result="Success" executed="True" />
                </results>
              </test-suite>
              <test-suite type="TestFixture" name="Import-IntuneDeviceFilter.Retry Logic" executed="True" result="Success" success="True" time="0.234" asserts="0" description="Import-IntuneDeviceFilter.Retry Logic">
                <results>
                  <test-case description="Should retry on server errors (500+)" name="Import-IntuneDeviceFilter.Retry Logic.Should retry on server errors (500+)" time="0.0204" asserts="0" success="True" result="Success" executed="True" />
                </results>
              </test-suite>
              <test-suite type="TestFixture" name="Import-IntuneDeviceFilter.Platform Filtering" executed="True" result="Success" success="True" time="0.2421" asserts="0" description="Import-IntuneDeviceFilter.Platform Filtering">
                <results>
                  <test-case description="Should pass platform parameter to Get-FilteredTemplates" name="Import-IntuneDeviceFilter.Platform Filtering.Should pass platform parameter to Get-FilteredTemplates" time="0.0071" asserts="0" success="True" result="Success" executed="True" />
                </results>
              </test-suite>
              <test-suite type="TestFixture" name="Import-IntuneDeviceFilter.Result Structure" executed="True" result="Success" success="True" time="0.2581" asserts="0" description="Import-IntuneDeviceFilter.Result Structure">
                <results>
                  <test-case description="Should return results with correct structure" name="Import-IntuneDeviceFilter.Result Structure.Should return results with correct structure" time="0.015" asserts="0" success="True" result="Success" executed="True" />
                </results>
              </test-suite>
            </results>
          </test-suite>
        </results>
      </test-suite>
      <test-suite type="TestFixture" name="/Users/jorgeasaurus/.copilot/worktrees/IntuneHydrationKit/jorgeasaurus/frizzy-danette/Tests/Public/Import-IntuneEnrollmentProfile.Tests.ps1" executed="True" result="Success" success="True" time="0.3714" asserts="0" description="/Users/jorgeasaurus/.copilot/worktrees/IntuneHydrationKit/jorgeasaurus/frizzy-danette/Tests/Public/Import-IntuneEnrollmentProfile.Tests.ps1">
        <results>
          <test-suite type="TestFixture" name="Import-IntuneEnrollmentProfile" executed="True" result="Success" success="True" time="0.3519" asserts="0" description="Import-IntuneEnrollmentProfile">
            <results>
              <test-suite type="TestFixture" name="Import-IntuneEnrollmentProfile.Parameter Validation" executed="True" result="Success" success="True" time="0.0093" asserts="0" description="Import-IntuneEnrollmentProfile.Parameter Validation">
                <results>
                  <test-case description="Should have TemplatePath parameter" name="Import-IntuneEnrollmentProfile.Parameter Validation.Should have TemplatePath parameter" time="0.0012" asserts="0" success="True" result="Success" executed="True" />
                  <test-case description="Should have Platform parameter with ValidateSet" name="Import-IntuneEnrollmentProfile.Parameter Validation.Should have Platform parameter with ValidateSet" time="0.0017" asserts="0" success="True" result="Success" executed="True" />
                  <test-case description="Should have DeviceNameTemplate parameter" name="Import-IntuneEnrollmentProfile.Parameter Validation.Should have DeviceNameTemplate parameter" time="0.001" asserts="0" success="True" result="Success" executed="True" />
                  <test-case description="Should support ShouldProcess" name="Import-IntuneEnrollmentProfile.Parameter Validation.Should support ShouldProcess" time="0.003" asserts="0" success="True" result="Success" executed="True" />
                  <test-case description="Should have RemoveExisting switch parameter" name="Import-IntuneEnrollmentProfile.Parameter Validation.Should have RemoveExisting switch parameter" time="0.0014" asserts="0" success="True" result="Success" executed="True" />
                </results>
              </test-suite>
              <test-suite type="TestFixture" name="Import-IntuneEnrollmentProfile.Create Mode - Autopilot Profile" executed="True" result="Success" success="True" time="0.0951" asserts="0" description="Import-IntuneEnrollmentProfile.Create Mode - Autopilot Profile">
                <results>
                  <test-case description="Should check if profile already exists" name="Import-IntuneEnrollmentProfile.Create Mode - Autopilot Profile.Should check if profile already exists" time="0.0236" asserts="0" success="True" result="Success" executed="True" />
                  <test-case description="Should skip profile if it already exists" name="Import-IntuneEnrollmentProfile.Create Mode - Autopilot Profile.Should skip profile if it already exists" time="0.0139" asserts="0" success="True" result="Success" executed="True" />
                  <test-case description="Should create profile if it does not exist" name="Import-IntuneEnrollmentProfile.Create Mode - Autopilot Profile.Should create profile if it does not exist" time="0.0143" asserts="0" success="True" result="Success" executed="True" />
                  <test-case description="Should use custom device name template when provided" name="Import-IntuneEnrollmentProfile.Create Mode - Autopilot Profile.Should use custom device name template when provided" time="0.0191" asserts="0" success="True" result="Success" executed="True" />
                  <test-case description="Should append hydration marker to description" name="Import-IntuneEnrollmentProfile.Create Mode - Autopilot Profile.Should append hydration marker to description" time="0.0137" asserts="0" success="True" result="Success" executed="True" />
                </results>
              </test-suite>
              <test-suite type="TestFixture" name="Import-IntuneEnrollmentProfile.Create Mode - Enrollment Status Page" executed="True" result="Success" success="True" time="0.1241" asserts="0" description="Import-IntuneEnrollmentProfile.Create Mode - Enrollment Status Page">
                <results>
                  <test-case description="Should check if ESP profile already exists" name="Import-IntuneEnrollmentProfile.Create Mode - Enrollment Status Page.Should check if ESP profile already exists" time="0.0154" asserts="0" success="True" result="Success" executed="True" />
                  <test-case description="Should create ESP profile to deviceEnrollmentConfigurations endpoint" name="Import-IntuneEnrollmentProfile.Create Mode - Enrollment Status Page.Should create ESP profile to deviceEnrollmentConfigurations endpoint" time="0.0126" asserts="0" success="True" result="Success" executed="True" />
                </results>
              </test-suite>
              <test-suite type="TestFixture" name="Import-IntuneEnrollmentProfile.Create Mode - Autopilot Device Preparation" executed="True" result="Success" success="True" time="0.1794" asserts="0" description="Import-IntuneEnrollmentProfile.Create Mode - Autopilot Device Preparation">
                <results>
                  <test-case description="Should check if device preparation policy already exists" name="Import-IntuneEnrollmentProfile.Create Mode - Autopilot Device Preparation.Should check if device preparation policy already exists" time="0.0151" asserts="0" success="True" result="Success" executed="True" />
                  <test-case description="Should create device preparation policy to configurationPolicies endpoint" name="Import-IntuneEnrollmentProfile.Create Mode - Autopilot Device Preparation.Should create device preparation policy to configurationPolicies endpoint" time="0.0174" asserts="0" success="True" result="Success" executed="True" />
                  <test-case description="Should assign device preparation group when policy is created" name="Import-IntuneEnrollmentProfile.Create Mode - Autopilot Device Preparation.Should assign device preparation group when policy is created" time="0.0216" asserts="0" success="True" result="Success" executed="True" />
                </results>
              </test-suite>
              <test-suite type="TestFixture" name="Import-IntuneEnrollmentProfile.WhatIf Support" executed="True" result="Success" success="True" time="0.2062" asserts="0" description="Import-IntuneEnrollmentProfile.WhatIf Support">
                <results>
                  <test-case description="Should not call POST when WhatIf is specified" name="Import-IntuneEnrollmentProfile.WhatIf Support.Should not call POST when WhatIf is specified" time="0.0136" asserts="0" success="True" result="Success" executed="True" />
                  <test-case description="Should return WouldCreate action when WhatIf is specified" name="Import-IntuneEnrollmentProfile.WhatIf Support.Should return WouldCreate action when WhatIf is specified" time="0.0122" asserts="0" success="True" result="Success" executed="True" />
                </results>
              </test-suite>
              <test-suite type="TestFixture" name="Import-IntuneEnrollmentProfile.Delete Mode" executed="True" result="Success" success="True" time="0.2674" asserts="0" description="Import-IntuneEnrollmentProfile.Delete Mode">
                <results>
                  <test-case description="Should list existing Autopilot profiles when RemoveExisting is specified" name="Import-IntuneEnrollmentProfile.Delete Mode.Should list existing Autopilot profiles when RemoveExisting is specified" time="0.0112" asserts="0" success="True" result="Success" executed="True" />
                  <test-case description="Should list existing ESP profiles when RemoveExisting is specified" name="Import-IntuneEnrollmentProfile.Delete Mode.Should list existing ESP profiles when RemoveExisting is specified" time="0.0128" asserts="0" success="True" result="Success" executed="True" />
                  <test-case description="Should list existing device preparation policies when RemoveExisting is specified" name="Import-IntuneEnrollmentProfile.Delete Mode.Should list existing device preparation policies when RemoveExisting is specified" time="0.0109" asserts="0" success="True" result="Success" executed="True" />
                  <test-case description="Should only delete profiles with hydration marker" name="Import-IntuneEnrollmentProfile.Delete Mode.Should only delete profiles with hydration marker" time="0.0116" asserts="0" success="True" result="Success" executed="True" />
                  <test-case description="Should process Autopilot profiles from later pages when RemoveExisting is specified" name="Import-IntuneEnrollmentProfile.Delete Mode.Should process Autopilot profiles from later pages when RemoveExisting is specified" time="0.0115" asserts="0" success="True" result="Success" executed="True" />
                </results>
              </test-suite>
              <test-suite type="TestFixture" name="Import-IntuneEnrollmentProfile.Paged Duplicate Detection" executed="True" result="Success" success="True" time="0.2855" asserts="0" description="Import-IntuneEnrollmentProfile.Paged Duplicate Detection">
                <results>
                  <test-case description="Should skip device preparation policy found on a later page" name="Import-IntuneEnrollmentProfile.Paged Duplicate Detection.Should skip device preparation policy found on a later page" time="0.017" asserts="0" success="True" result="Success" executed="True" />
                </results>
              </test-suite>
              <test-suite type="TestFixture" name="Import-IntuneEnrollmentProfile.Error Handling" executed="True" result="Success" success="True" time="0.3233" asserts="0" description="Import-IntuneEnrollmentProfile.Error Handling">
                <results>
                  <test-case description="Should handle API errors gracefully" name="Import-IntuneEnrollmentProfile.Error Handling.Should handle API errors gracefully" time="0.0178" asserts="0" success="True" result="Success" executed="True" />
                  <test-case description="Should return empty array when no templates found" name="Import-IntuneEnrollmentProfile.Error Handling.Should return empty array when no templates found" time="0.0089" asserts="0" success="True" result="Success" executed="True" />
                  <test-case description="Should skip templates with missing @odata.type" name="Import-IntuneEnrollmentProfile.Error Handling.Should skip templates with missing @odata.type" time="0.0099" asserts="0" success="True" result="Success" executed="True" />
                </results>
              </test-suite>
              <test-suite type="TestFixture" name="Import-IntuneEnrollmentProfile.Platform Filtering" executed="True" result="Success" success="True" time="0.331" asserts="0" description="Import-IntuneEnrollmentProfile.Platform Filtering">
                <results>
                  <test-case description="Should pass platform parameter to Get-FilteredTemplates" name="Import-IntuneEnrollmentProfile.Platform Filtering.Should pass platform parameter to Get-FilteredTemplates" time="0.0067" asserts="0" success="True" result="Success" executed="True" />
                </results>
              </test-suite>
              <test-suite type="TestFixture" name="Import-IntuneEnrollmentProfile.Result Structure" executed="True" result="Success" success="True" time="0.3467" asserts="0" description="Import-IntuneEnrollmentProfile.Result Structure">
                <results>
                  <test-case description="Should return results with correct structure" name="Import-IntuneEnrollmentProfile.Result Structure.Should return results with correct structure" time="0.0146" asserts="0" success="True" result="Success" executed="True" />
                </results>
              </test-suite>
            </results>
          </test-suite>
        </results>
      </test-suite>
      <test-suite type="TestFixture" name="/Users/jorgeasaurus/.copilot/worktrees/IntuneHydrationKit/jorgeasaurus/frizzy-danette/Tests/Public/Import-IntuneMobileApp.Tests.ps1" executed="True" result="Success" success="True" time="0.3086" asserts="0" description="/Users/jorgeasaurus/.copilot/worktrees/IntuneHydrationKit/jorgeasaurus/frizzy-danette/Tests/Public/Import-IntuneMobileApp.Tests.ps1">
        <results>
          <test-suite type="TestFixture" name="Import-IntuneMobileApp" executed="True" result="Success" success="True" time="0.2837" asserts="0" description="Import-IntuneMobileApp">
            <results>
              <test-suite type="TestFixture" name="Import-IntuneMobileApp.Parameter Validation" executed="True" result="Success" success="True" time="0.0084" asserts="0" description="Import-IntuneMobileApp.Parameter Validation">
                <results>
                  <test-case description="Should have TemplatePath parameter" name="Import-IntuneMobileApp.Parameter Validation.Should have TemplatePath parameter" time="0.0019" asserts="0" success="True" result="Success" executed="True" />
                  <test-case description="Should have RemoveExisting switch parameter" name="Import-IntuneMobileApp.Parameter Validation.Should have RemoveExisting switch parameter" time="0.0015" asserts="0" success="True" result="Success" executed="True" />
                  <test-case description="Should support ShouldProcess (WhatIf)" name="Import-IntuneMobileApp.Parameter Validation.Should support ShouldProcess (WhatIf)" time="0.0017" asserts="0" success="True" result="Success" executed="True" />
                  <test-case description="Should not require any mandatory parameters" name="Import-IntuneMobileApp.Parameter Validation.Should not require any mandatory parameters" time="0.0022" asserts="0" success="True" result="Success" executed="True" />
                </results>
              </test-suite>
              <test-suite type="TestFixture" name="Import-IntuneMobileApp.Template Directory Handling" executed="True" result="Success" success="True" time="0.0232" asserts="0" description="Import-IntuneMobileApp.Template Directory Handling">
                <results>
                  <test-case description="Should return empty array when template directory does not exist" name="Import-IntuneMobileApp.Template Directory Handling.Should return empty array when template directory does not exist" time="0.0037" asserts="0" success="True" result="Success" executed="True" />
                  <test-case description="Should return empty array when no template files found" name="Import-IntuneMobileApp.Template Directory Handling.Should return empty array when no template files found" time="0.0087" asserts="0" success="True" result="Success" executed="True" />
                </results>
              </test-suite>
              <test-suite type="TestFixture" name="Import-IntuneMobileApp.App Creation" executed="True" result="Success" success="True" time="0.1105" asserts="0" description="Import-IntuneMobileApp.App Creation">
                <results>
                  <test-case description="Should create app from valid template" name="Import-IntuneMobileApp.App Creation.Should create app from valid template" time="0.0205" asserts="0" success="True" result="Success" executed="True" />
                  <test-case description="Should skip apps that already exist" name="Import-IntuneMobileApp.App Creation.Should skip apps that already exist" time="0.0174" asserts="0" success="True" result="Success" executed="True" />
                  <test-case description="Should fail templates missing displayName" name="Import-IntuneMobileApp.App Creation.Should fail templates missing displayName" time="0.0161" asserts="0" success="True" result="Success" executed="True" />
                  <test-case description="Should add hydration kit marker to notes field" name="Import-IntuneMobileApp.App Creation.Should add hydration kit marker to notes field" time="0.0154" asserts="0" success="True" result="Success" executed="True" />
                  <test-case description="Should preserve existing notes and append marker" name="Import-IntuneMobileApp.App Creation.Should preserve existing notes and append marker" time="0.0167" asserts="0" success="True" result="Success" executed="True" />
                </results>
              </test-suite>
              <test-suite type="TestFixture" name="Import-IntuneMobileApp.App Deletion" executed="True" result="Success" success="True" time="0.1526" asserts="0" description="Import-IntuneMobileApp.App Deletion">
                <results>
                  <test-case description="Should delete apps with hydration kit marker in notes" name="Import-IntuneMobileApp.App Deletion.Should delete apps with hydration kit marker in notes" time="0.0167" asserts="0" success="True" result="Success" executed="True" />
                  <test-case description="Should skip apps without hydration kit marker" name="Import-IntuneMobileApp.App Deletion.Should skip apps without hydration kit marker" time="0.0135" asserts="0" success="True" result="Success" executed="True" />
                  <test-case description="Should skip apps with null notes" name="Import-IntuneMobileApp.App Deletion.Should skip apps with null notes" time="0.0109" asserts="0" success="True" result="Success" executed="True" />
                </results>
              </test-suite>
              <test-suite type="TestFixture" name="Import-IntuneMobileApp.WhatIf Support" executed="True" result="Success" success="True" time="0.195" asserts="0" description="Import-IntuneMobileApp.WhatIf Support">
                <results>
                  <test-case description="Should return WouldCreate action in WhatIf mode" name="Import-IntuneMobileApp.WhatIf Support.Should return WouldCreate action in WhatIf mode" time="0.0207" asserts="0" success="True" result="Success" executed="True" />
                  <test-case description="Should return WouldDelete action in WhatIf mode for deletion" name="Import-IntuneMobileApp.WhatIf Support.Should return WouldDelete action in WhatIf mode for deletion" time="0.019" asserts="0" success="True" result="Success" executed="True" />
                </results>
              </test-suite>
              <test-suite type="TestFixture" name="Import-IntuneMobileApp.Error Handling" executed="True" result="Success" success="True" time="0.241" asserts="0" description="Import-IntuneMobileApp.Error Handling">
                <results>
                  <test-case description="Should handle Graph API errors during creation" name="Import-IntuneMobileApp.Error Handling.Should handle Graph API errors during creation" time="0.0227" asserts="0" success="True" result="Success" executed="True" />
                  <test-case description="Should handle Graph API errors during deletion" name="Import-IntuneMobileApp.Error Handling.Should handle Graph API errors during deletion" time="0.0219" asserts="0" success="True" result="Success" executed="True" />
                </results>
              </test-suite>
              <test-suite type="TestFixture" name="Import-IntuneMobileApp.Pagination Support" executed="True" result="Success" success="True" time="0.2604" asserts="0" description="Import-IntuneMobileApp.Pagination Support">
                <results>
                  <test-case description="Should handle paginated results from Graph API" name="Import-IntuneMobileApp.Pagination Support.Should handle paginated results from Graph API" time="0.0182" asserts="0" success="True" result="Success" executed="True" />
                </results>
              </test-suite>
              <test-suite type="TestFixture" name="Import-IntuneMobileApp.Result Object Structure" executed="True" result="Success" success="True" time="0.2826" asserts="0" description="Import-IntuneMobileApp.Result Object Structure">
                <results>
                  <test-case description="Should return results with correct properties" name="Import-IntuneMobileApp.Result Object Structure.Should return results with correct properties" time="0.0208" asserts="0" success="True" result="Success" executed="True" />
                </results>
              </test-suite>
            </results>
          </test-suite>
        </results>
      </test-suite>
      <test-suite type="TestFixture" name="/Users/jorgeasaurus/.copilot/worktrees/IntuneHydrationKit/jorgeasaurus/frizzy-danette/Tests/Public/Import-IntuneNotificationTemplate.Tests.ps1" executed="True" result="Success" success="True" time="0.0436" asserts="0" description="/Users/jorgeasaurus/.copilot/worktrees/IntuneHydrationKit/jorgeasaurus/frizzy-danette/Tests/Public/Import-IntuneNotificationTemplate.Tests.ps1">
        <results>
          <test-suite type="TestFixture" name="Import-IntuneNotificationTemplate" executed="True" result="Success" success="True" time="0.0336" asserts="0" description="Import-IntuneNotificationTemplate">
            <results>
              <test-suite type="TestFixture" name="Import-IntuneNotificationTemplate.Localized message failures" executed="True" result="Success" success="True" time="0.0291" asserts="0" description="Import-IntuneNotificationTemplate.Localized message failures">
                <results>
                  <test-case description="Should return partial status when a localized message fails after parent creation" name="Import-IntuneNotificationTemplate.Localized message failures.Should return partial status when a localized message fails after parent creation" time="0.0279" asserts="0" success="True" result="Success" executed="True" />
                </results>
              </test-suite>
            </results>
          </test-suite>
        </results>
      </test-suite>
      <test-suite type="TestFixture" name="/Users/jorgeasaurus/.copilot/worktrees/IntuneHydrationKit/jorgeasaurus/frizzy-danette/Tests/Public/Initialize-HydrationLogging.Tests.ps1" executed="True" result="Success" success="True" time="1.1101" asserts="0" description="/Users/jorgeasaurus/.copilot/worktrees/IntuneHydrationKit/jorgeasaurus/frizzy-danette/Tests/Public/Initialize-HydrationLogging.Tests.ps1">
        <results>
          <test-suite type="TestFixture" name="Initialize-HydrationLogging" executed="True" result="Success" success="True" time="1.085" asserts="0" description="Initialize-HydrationLogging">
            <results>
              <test-suite type="TestFixture" name="Initialize-HydrationLogging.Parameter Validation" executed="True" result="Success" success="True" time="0.005" asserts="0" description="Initialize-HydrationLogging.Parameter Validation">
                <results>
                  <test-case description="Should have LogPath parameter as optional" name="Initialize-HydrationLogging.Parameter Validation.Should have LogPath parameter as optional" time="0.002" asserts="0" success="True" result="Success" executed="True" />
                  <test-case description="Should have EnableVerbose switch parameter" name="Initialize-HydrationLogging.Parameter Validation.Should have EnableVerbose switch parameter" time="0.0019" asserts="0" success="True" result="Success" executed="True" />
                </results>
              </test-suite>
              <test-suite type="TestFixture" name="Initialize-HydrationLogging.Default Log Path (OS Temp Directory)" executed="True" result="Success" success="True" time="0.0198" asserts="0" description="Initialize-HydrationLogging.Default Log Path (OS Temp Directory)">
                <results>
                  <test-case description="Should use OS temp directory when LogPath not specified" name="Initialize-HydrationLogging.Default Log Path (OS Temp Directory).Should use OS temp directory when LogPath not specified" time="0.0081" asserts="0" success="True" result="Success" executed="True" />
                  <test-case description="Should create log file in OS temp directory" name="Initialize-HydrationLogging.Default Log Path (OS Temp Directory).Should create log file in OS temp directory" time="0.0038" asserts="0" success="True" result="Success" executed="True" />
                  <test-case description="Should work on different OS platforms" name="Initialize-HydrationLogging.Default Log Path (OS Temp Directory).Should work on different OS platforms" time="0.0018" asserts="0" success="True" result="Success" executed="True" />
                </results>
              </test-suite>
              <test-suite type="TestFixture" name="Initialize-HydrationLogging.Custom Log Path" executed="True" result="Success" success="True" time="0.0314" asserts="0" description="Initialize-HydrationLogging.Custom Log Path">
                <results>
                  <test-case description="Should use custom path when LogPath is specified" name="Initialize-HydrationLogging.Custom Log Path.Should use custom path when LogPath is specified" time="0.0027" asserts="0" success="True" result="Success" executed="True" />
                  <test-case description="Should create directory if it does not exist" name="Initialize-HydrationLogging.Custom Log Path.Should create directory if it does not exist" time="0.0032" asserts="0" success="True" result="Success" executed="True" />
                  <test-case description="Should create log file in custom directory" name="Initialize-HydrationLogging.Custom Log Path.Should create log file in custom directory" time="0.0045" asserts="0" success="True" result="Success" executed="True" />
                </results>
              </test-suite>
              <test-suite type="TestFixture" name="Initialize-HydrationLogging.Log File Naming" executed="True" result="Success" success="True" time="0.0364" asserts="0" description="Initialize-HydrationLogging.Log File Naming">
                <results>
                  <test-case description="Should create log file with timestamp format" name="Initialize-HydrationLogging.Log File Naming.Should create log file with timestamp format" time="0.004" asserts="0" success="True" result="Success" executed="True" />
                </results>
              </test-suite>
              <test-suite type="TestFixture" name="Initialize-HydrationLogging.Verbose Logging Flag" executed="True" result="Success" success="True" time="0.0399" asserts="0" description="Initialize-HydrationLogging.Verbose Logging Flag">
                <results>
                  <test-case description="Should accept EnableVerbose switch" name="Initialize-HydrationLogging.Verbose Logging Flag.Should accept EnableVerbose switch" time="0.0025" asserts="0" success="True" result="Success" executed="True" />
                </results>
              </test-suite>
              <test-suite type="TestFixture" name="Initialize-HydrationLogging.Idempotent Behavior" executed="True" result="Success" success="True" time="1.0638" asserts="0" description="Initialize-HydrationLogging.Idempotent Behavior">
                <results>
                  <test-case description="Should handle being called multiple times" name="Initialize-HydrationLogging.Idempotent Behavior.Should handle being called multiple times" time="0.0058" asserts="0" success="True" result="Success" executed="True" />
                  <test-case description="Should create new log file on each initialization" name="Initialize-HydrationLogging.Idempotent Behavior.Should create new log file on each initialization" time="1.0164" asserts="0" success="True" result="Success" executed="True" />
                </results>
              </test-suite>
              <test-suite type="TestFixture" name="Initialize-HydrationLogging.Cross-Platform Compatibility" executed="True" result="Success" success="True" time="1.0722" asserts="0" description="Initialize-HydrationLogging.Cross-Platform Compatibility">
                <results>
                  <test-case description="Should resolve temp path correctly on current OS" name="Initialize-HydrationLogging.Cross-Platform Compatibility.Should resolve temp path correctly on current OS" time="0.0026" asserts="0" success="True" result="Success" executed="True" />
                  <test-case description="Should create nested directory structure" name="Initialize-HydrationLogging.Cross-Platform Compatibility.Should create nested directory structure" time="0.0044" asserts="0" success="True" result="Success" executed="True" />
                </results>
              </test-suite>
              <test-suite type="TestFixture" name="Initialize-HydrationLogging.WhatIf Mode" executed="True" result="Success" success="True" time="1.084" asserts="0" description="Initialize-HydrationLogging.WhatIf Mode">
                <results>
                  <test-case description="Should create log directory even when WhatIf is enabled" name="Initialize-HydrationLogging.WhatIf Mode.Should create log directory even when WhatIf is enabled" time="0.0063" asserts="0" success="True" result="Success" executed="True" />
                  <test-case description="Should create log file even when WhatIf is enabled" name="Initialize-HydrationLogging.WhatIf Mode.Should create log file even when WhatIf is enabled" time="0.0043" asserts="0" success="True" result="Success" executed="True" />
                </results>
              </test-suite>
            </results>
          </test-suite>
        </results>
      </test-suite>
      <test-suite type="TestFixture" name="/Users/jorgeasaurus/.copilot/worktrees/IntuneHydrationKit/jorgeasaurus/frizzy-danette/Tests/Public/Invoke-IntuneHydration.Tests.ps1" executed="True" result="Success" success="True" time="0.69" asserts="0" description="/Users/jorgeasaurus/.copilot/worktrees/IntuneHydrationKit/jorgeasaurus/frizzy-danette/Tests/Public/Invoke-IntuneHydration.Tests.ps1">
        <results>
          <test-suite type="TestFixture" name="Invoke-IntuneHydration" executed="True" result="Success" success="True" time="0.6467" asserts="0" description="Invoke-IntuneHydration">
            <results>
              <test-suite type="TestFixture" name="Invoke-IntuneHydration.Parameter Validation" executed="True" result="Success" success="True" time="0.0266" asserts="0" description="Invoke-IntuneHydration.Parameter Validation">
                <results>
                  <test-case description="Should have SettingsFile parameter set as default" name="Invoke-IntuneHydration.Parameter Validation.Should have SettingsFile parameter set as default" time="0.0022" asserts="0" success="True" result="Success" executed="True" />
                  <test-case description="Should have three parameter sets" name="Invoke-IntuneHydration.Parameter Validation.Should have three parameter sets" time="0.0017" asserts="0" success="True" result="Success" executed="True" />
                  <test-case description="Should require SettingsPath in SettingsFile parameter set" name="Invoke-IntuneHydration.Parameter Validation.Should require SettingsPath in SettingsFile parameter set" time="0.0016" asserts="0" success="True" result="Success" executed="True" />
                  <test-case description="Should require TenantId in Interactive parameter set" name="Invoke-IntuneHydration.Parameter Validation.Should require TenantId in Interactive parameter set" time="0.0014" asserts="0" success="True" result="Success" executed="True" />
                  <test-case description="Should require TenantId in ServicePrincipal parameter set" name="Invoke-IntuneHydration.Parameter Validation.Should require TenantId in ServicePrincipal parameter set" time="0.0032" asserts="0" success="True" result="Success" executed="True" />
                  <test-case description="Should validate TenantId as GUID format" name="Invoke-IntuneHydration.Parameter Validation.Should validate TenantId as GUID format" time="0.0027" asserts="0" success="True" result="Success" executed="True" />
                  <test-case description="Should require Interactive switch in Interactive parameter set" name="Invoke-IntuneHydration.Parameter Validation.Should require Interactive switch in Interactive parameter set" time="0.0014" asserts="0" success="True" result="Success" executed="True" />
                  <test-case description="Should require ClientId in ServicePrincipal parameter set" name="Invoke-IntuneHydration.Parameter Validation.Should require ClientId in ServicePrincipal parameter set" time="0.0013" asserts="0" success="True" result="Success" executed="True" />
                  <test-case description="Should require ClientSecret as SecureString" name="Invoke-IntuneHydration.Parameter Validation.Should require ClientSecret as SecureString" time="0.0011" asserts="0" success="True" result="Success" executed="True" />
                  <test-case description="Should validate Environment parameter values" name="Invoke-IntuneHydration.Parameter Validation.Should validate Environment parameter values" time="0.0022" asserts="0" success="True" result="Success" executed="True" />
                  <test-case description="Should validate ReportFormats parameter values" name="Invoke-IntuneHydration.Parameter Validation.Should validate ReportFormats parameter values" time="0.0014" asserts="0" success="True" result="Success" executed="True" />
                  <test-case description="Should support ShouldProcess" name="Invoke-IntuneHydration.Parameter Validation.Should support ShouldProcess" time="0.0051" asserts="0" success="True" result="Success" executed="True" />
                </results>
              </test-suite>
              <test-suite type="TestFixture" name="Invoke-IntuneHydration.Target Switch Parameters" executed="True" result="Success" success="True" time="0.0448" asserts="0" description="Invoke-IntuneHydration.Target Switch Parameters">
                <results>
                  <test-case description="Should have All switch parameter" name="Invoke-IntuneHydration.Target Switch Parameters.Should have All switch parameter" time="0.0015" asserts="0" success="True" result="Success" executed="True" />
                  <test-case description="Should have DynamicGroups switch parameter" name="Invoke-IntuneHydration.Target Switch Parameters.Should have DynamicGroups switch parameter" time="0.0013" asserts="0" success="True" result="Success" executed="True" />
                  <test-case description="Should have DeviceFilters switch parameter" name="Invoke-IntuneHydration.Target Switch Parameters.Should have DeviceFilters switch parameter" time="0.0012" asserts="0" success="True" result="Success" executed="True" />
                  <test-case description="Should have OpenIntuneBaseline switch parameter" name="Invoke-IntuneHydration.Target Switch Parameters.Should have OpenIntuneBaseline switch parameter" time="0.0012" asserts="0" success="True" result="Success" executed="True" />
[...]
                </results>
              </test-suite>
              <test-suite type="TestFixture" name="Get-FilteredTemplates.When filtering by multiple platforms" executed="True" result="Success" success="True" time="0.1074" asserts="0" description="Get-FilteredTemplates.When filtering by multiple platforms">
                <results>
                  <test-case description="Should return templates matching any of the specified platforms" name="Get-FilteredTemplates.When filtering by multiple platforms.Should return templates matching any of the specified platforms" time="0.0032" asserts="0" success="True" result="Success" executed="True" />
                  <test-case description="Should return templates for iOS and Android platforms" name="Get-FilteredTemplates.When filtering by multiple platforms.Should return templates for iOS and Android platforms" time="0.0029" asserts="0" success="True" result="Success" executed="True" />
                  <test-case description="Should return templates for all specified platforms across filter modes" name="Get-FilteredTemplates.When filtering by multiple platforms.Should return templates for all specified platforms across filter modes" time="0.0046" asserts="0" success="True" result="Success" executed="True" />
                </results>
              </test-suite>
              <test-suite type="TestFixture" name="Get-FilteredTemplates.When no templates match the filter" executed="True" result="Success" success="True" time="0.1163" asserts="0" description="Get-FilteredTemplates.When no templates match the filter">
                <results>
                  <test-case description="Should return empty result when no templates match platform" name="Get-FilteredTemplates.When no templates match the filter.Should return empty result when no templates match platform" time="0.0025" asserts="0" success="True" result="Success" executed="True" />
                  <test-case description="Should return empty result when source directory is empty" name="Get-FilteredTemplates.When no templates match the filter.Should return empty result when source directory is empty" time="0.0022" asserts="0" success="True" result="Success" executed="True" />
                  <test-case description="Should return empty result when Get-HydrationTemplates returns null" name="Get-FilteredTemplates.When no templates match the filter.Should return empty result when Get-HydrationTemplates returns null" time="0.0034" asserts="0" success="True" result="Success" executed="True" />
                </results>
              </test-suite>
              <test-suite type="TestFixture" name="Get-FilteredTemplates.When using Recurse parameter" executed="True" result="Success" success="True" time="0.1249" asserts="0" description="Get-FilteredTemplates.When using Recurse parameter">
                <results>
                  <test-case description="Should pass Recurse parameter to Get-HydrationTemplates" name="Get-FilteredTemplates.When using Recurse parameter.Should pass Recurse parameter to Get-HydrationTemplates" time="0.0035" asserts="0" success="True" result="Success" executed="True" />
                  <test-case description="Should not pass Recurse when not specified" name="Get-FilteredTemplates.When using Recurse parameter.Should not pass Recurse when not specified" time="0.0029" asserts="0" success="True" result="Success" executed="True" />
                </results>
              </test-suite>
              <test-suite type="TestFixture" name="Get-FilteredTemplates.When using ResourceType parameter" executed="True" result="Success" success="True" time="0.1315" asserts="0" description="Get-FilteredTemplates.When using ResourceType parameter">
                <results>
                  <test-case description="Should pass ResourceType parameter to Get-HydrationTemplates" name="Get-FilteredTemplates.When using ResourceType parameter.Should pass ResourceType parameter to Get-HydrationTemplates" time="0.0031" asserts="0" success="True" result="Success" executed="True" />
                  <test-case description="Should use default ResourceType when not specified" name="Get-FilteredTemplates.When using ResourceType parameter.Should use default ResourceType when not specified" time="0.0026" asserts="0" success="True" result="Success" executed="True" />
                </results>
              </test-suite>
              <test-suite type="TestFixture" name="Get-FilteredTemplates.Parameter validation" executed="True" result="Success" success="True" time="0.1509" asserts="0" description="Get-FilteredTemplates.Parameter validation">
                <results>
                  <test-case description="Should require Path parameter" name="Get-FilteredTemplates.Parameter validation.Should require Path parameter" time="0.0032" asserts="0" success="True" result="Success" executed="True" />
                  <test-case description="Should validate Platform parameter values" name="Get-FilteredTemplates.Parameter validation.Should validate Platform parameter values" time="0.002" asserts="0" success="True" result="Success" executed="True" />
                  <test-case description="Should validate FilterMode parameter values" name="Get-FilteredTemplates.Parameter validation.Should validate FilterMode parameter values" time="0.0019" asserts="0" success="True" result="Success" executed="True" />
                  <test-case description="Should accept all valid Platform values" name="Get-FilteredTemplates.Parameter validation.Should accept all valid Platform values" time="0.0071" asserts="0" success="True" result="Success" executed="True" />
                  <test-case description="Should accept all valid FilterMode values" name="Get-FilteredTemplates.Parameter validation.Should accept all valid FilterMode values" time="0.0042" asserts="0" success="True" result="Success" executed="True" />
                </results>
              </test-suite>
              <test-suite type="TestFixture" name="Get-FilteredTemplates.Edge cases" executed="True" result="Success" success="True" time="0.1648" asserts="0" description="Get-FilteredTemplates.Edge cases">
                <results>
                  <test-case description="Should handle templates with special characters in filename" name="Get-FilteredTemplates.Edge cases.Should handle templates with special characters in filename" time="0.0041" asserts="0" success="True" result="Success" executed="True" />
                  <test-case description="Should handle single template result" name="Get-FilteredTemplates.Edge cases.Should handle single template result" time="0.0026" asserts="0" success="True" result="Success" executed="True" />
                  <test-case description="Should not match partial platform names in prefix mode" name="Get-FilteredTemplates.Edge cases.Should not match partial platform names in prefix mode" time="0.0025" asserts="0" success="True" result="Success" executed="True" />
                  <test-case description="Should handle deeply nested directory paths" name="Get-FilteredTemplates.Edge cases.Should handle deeply nested directory paths" time="0.0039" asserts="0" success="True" result="Success" executed="True" />
                </results>
              </test-suite>
            </results>
          </test-suite>
        </results>
      </test-suite>
      <test-suite type="TestFixture" name="/Users/jorgeasaurus/.copilot/worktrees/IntuneHydrationKit/jorgeasaurus/frizzy-danette/Tests/Private/Get-PremiumP2ServicePlans.Tests.ps1" executed="True" result="Success" success="True" time="0.0071" asserts="0" description="/Users/jorgeasaurus/.copilot/worktrees/IntuneHydrationKit/jorgeasaurus/frizzy-danette/Tests/Private/Get-PremiumP2ServicePlans.Tests.ps1">
        <results>
          <test-suite type="TestFixture" name="Get-PremiumP2ServicePlans" executed="True" result="Success" success="True" time="0.0027" asserts="0" description="Get-PremiumP2ServicePlans">
            <results>
              <test-case description="Does not include Defender-only plans that do not grant Entra ID P2" name="Get-PremiumP2ServicePlans.Does not include Defender-only plans that do not grant Entra ID P2" time="0.001" asserts="0" success="True" result="Success" executed="True" />
              <test-case description="Keeps known Entra ID P2-capable plans" name="Get-PremiumP2ServicePlans.Keeps known Entra ID P2-capable plans" time="0.0011" asserts="0" success="True" result="Success" executed="True" />
            </results>
          </test-suite>
        </results>
      </test-suite>
      <test-suite type="TestFixture" name="/Users/jorgeasaurus/.copilot/worktrees/IntuneHydrationKit/jorgeasaurus/frizzy-danette/Tests/Private/Test-WindowsDriverUpdateLicense.Tests.ps1" executed="True" result="Success" success="True" time="0.1146" asserts="0" description="/Users/jorgeasaurus/.copilot/worktrees/IntuneHydrationKit/jorgeasaurus/frizzy-danette/Tests/Private/Test-WindowsDriverUpdateLicense.Tests.ps1">
        <results>
          <test-suite type="TestFixture" name="Test-WindowsDriverUpdateLicense" executed="True" result="Success" success="True" time="0.1052" asserts="0" description="Test-WindowsDriverUpdateLicense">
            <results>
              <test-suite type="TestFixture" name="Test-WindowsDriverUpdateLicense.When tenant has Windows Enterprise E3 license" executed="True" result="Success" success="True" time="0.007" asserts="0" description="Test-WindowsDriverUpdateLicense.When tenant has Windows Enterprise E3 license">
                <results>
                  <test-case description="Should return $true when WIN10_PRO_ENT_SUB service plan is found" name="Test-WindowsDriverUpdateLicense.When tenant has Windows Enterprise E3 license.Should return $true when WIN10_PRO_ENT_SUB service plan is found" time="0.0063" asserts="0" success="True" result="Success" executed="True" />
                </results>
              </test-suite>
              <test-suite type="TestFixture" name="Test-WindowsDriverUpdateLicense.When tenant has Microsoft 365 E3 license" executed="True" result="Success" success="True" time="0.0166" asserts="0" description="Test-WindowsDriverUpdateLicense.When tenant has Microsoft 365 E3 license">
                <results>
                  <test-case description="Should return $true when SPE_E3 service plan is found" name="Test-WindowsDriverUpdateLicense.When tenant has Microsoft 365 E3 license.Should return $true when SPE_E3 service plan is found" time="0.0056" asserts="0" success="True" result="Success" executed="True" />
                  <test-case description="Should return $true when M365_E5 service plan is found" name="Test-WindowsDriverUpdateLicense.When tenant has Microsoft 365 E3 license.Should return $true when M365_E5 service plan is found" time="0.0033" asserts="0" success="True" result="Success" executed="True" />
                </results>
              </test-suite>
              <test-suite type="TestFixture" name="Test-WindowsDriverUpdateLicense.When tenant has Microsoft 365 Business Premium license" executed="True" result="Success" success="True" time="0.0256" asserts="0" description="Test-WindowsDriverUpdateLicense.When tenant has Microsoft 365 Business Premium license">
                <results>
                  <test-case description="Should return $true when SPB service plan is found" name="Test-WindowsDriverUpdateLicense.When tenant has Microsoft 365 Business Premium license.Should return $true when SPB service plan is found" time="0.0048" asserts="0" success="True" result="Success" executed="True" />
                  <test-case description="Should return $true when WINDOWSUPDATEFORBUSINESS_DEPLOYMENTSERVICE service plan is found" name="Test-WindowsDriverUpdateLicense.When tenant has Microsoft 365 Business Premium license.Should return $true when WINDOWSUPDATEFORBUSINESS_DEPLOYMENTSERVICE service plan is found" time="0.0034" asserts="0" success="True" result="Success" executed="True" />
                </results>
              </test-suite>
              <test-suite type="TestFixture" name="Test-WindowsDriverUpdateLicense.When tenant has Education licenses" executed="True" result="Success" success="True" time="0.0338" asserts="0" description="Test-WindowsDriverUpdateLicense.When tenant has Education licenses">
                <results>
                  <test-case description="Should return $true when M365EDU_A3_FACULTY service plan is found" name="Test-WindowsDriverUpdateLicense.When tenant has Education licenses.Should return $true when M365EDU_A3_FACULTY service plan is found" time="0.0075" asserts="0" success="True" result="Success" executed="True" />
                </results>
              </test-suite>
              <test-suite type="TestFixture" name="Test-WindowsDriverUpdateLicense.When tenant has Windows 365 Enterprise license" executed="True" result="Success" success="True" time="0.0378" asserts="0" description="Test-WindowsDriverUpdateLicense.When tenant has Windows 365 Enterprise license">
                <results>
                  <test-case description="Should return $true when Windows 365 Enterprise service plan is found" name="Test-WindowsDriverUpdateLicense.When tenant has Windows 365 Enterprise license.Should return $true when Windows 365 Enterprise service plan is found" time="0.0034" asserts="0" success="True" result="Success" executed="True" />
                </results>
              </test-suite>
              <test-suite type="TestFixture" name="Test-WindowsDriverUpdateLicense.When tenant has no compatible license" executed="True" result="Success" success="True" time="0.0462" asserts="0" description="Test-WindowsDriverUpdateLicense.When tenant has no compatible license">
                <results>
                  <test-case description="Should return $false when no matching service plans are found" name="Test-WindowsDriverUpdateLicense.When tenant has no compatible license.Should return $false when no matching service plans are found" time="0.0045" asserts="0" success="True" result="Success" executed="True" />
                  <test-case description="Should return $false when tenant has no SKUs" name="Test-WindowsDriverUpdateLicense.When tenant has no compatible license.Should return $false when tenant has no SKUs" time="0.0032" asserts="0" success="True" result="Success" executed="True" />
                </results>
              </test-suite>
              <test-suite type="TestFixture" name="Test-WindowsDriverUpdateLicense.When SKU is disabled" executed="True" result="Success" success="True" time="0.0548" asserts="0" description="Test-WindowsDriverUpdateLicense.When SKU is disabled">
                <results>
                  <test-case description="Should skip disabled SKUs and return $false" name="Test-WindowsDriverUpdateLicense.When SKU is disabled.Should skip disabled SKUs and return $false" time="0.0046" asserts="0" success="True" result="Success" executed="True" />
                  <test-case description="Should return $true when there is both disabled and enabled SKU with valid license" name="Test-WindowsDriverUpdateLicense.When SKU is disabled.Should return $true when there is both disabled and enabled SKU with valid license" time="0.0034" asserts="0" success="True" result="Success" executed="True" />
                </results>
              </test-suite>
              <test-suite type="TestFixture" name="Test-WindowsDriverUpdateLicense.When service plan provisioning status is not Success" executed="True" result="Success" success="True" time="0.0635" asserts="0" description="Test-WindowsDriverUpdateLicense.When service plan provisioning status is not Success">
                <results>
                  <test-case description="Should return $false when service plan provisioningStatus is PendingInput" name="Test-WindowsDriverUpdateLicense.When service plan provisioning status is not Success.Should return $false when service plan provisioningStatus is PendingInput" time="0.0045" asserts="0" success="True" result="Success" executed="True" />
                  <test-case description="Should return $false when service plan provisioningStatus is Disabled" name="Test-WindowsDriverUpdateLicense.When service plan provisioning status is not Success.Should return $false when service plan provisioningStatus is Disabled" time="0.0035" asserts="0" success="True" result="Success" executed="True" />
                </results>
              </test-suite>
              <test-suite type="TestFixture" name="Test-WindowsDriverUpdateLicense.When Graph API call fails" executed="True" result="Success" success="True" time="0.0746" asserts="0" description="Test-WindowsDriverUpdateLicense.When Graph API call fails">
                <results>
                  <test-case description="Should return $true and write warning on API error" name="Test-WindowsDriverUpdateLicense.When Graph API call fails.Should return $true and write warning on API error" time="0.0104" asserts="0" success="True" result="Success" executed="True" />
                </results>
              </test-suite>
              <test-suite type="TestFixture" name="Test-WindowsDriverUpdateLicense.When multiple SKUs contain mixed valid and invalid licenses" executed="True" result="Success" success="True" time="0.079" asserts="0" description="Test-WindowsDriverUpdateLicense.When multiple SKUs contain mixed valid and invalid licenses">
                <results>
                  <test-case description="Should return $true when at least one valid license exists" name="Test-WindowsDriverUpdateLicense.When multiple SKUs contain mixed valid and invalid licenses.Should return $true when at least one valid license exists" time="0.0036" asserts="0" success="True" result="Success" executed="True" />
                </results>
              </test-suite>
              <test-suite type="TestFixture" name="Test-WindowsDriverUpdateLicense.Verbose output" executed="True" result="Success" success="True" time="0.0957" asserts="0" description="Test-WindowsDriverUpdateLicense.Verbose output">
                <results>
                  <test-case description="Should write verbose message when compatible license is found" name="Test-WindowsDriverUpdateLicense.Verbose output.Should write verbose message when compatible license is found" time="0.0091" asserts="0" success="True" result="Success" executed="True" />
                  <test-case description="Should write verbose message when no compatible license is found" name="Test-WindowsDriverUpdateLicense.Verbose output.Should write verbose message when no compatible license is found" time="0.0069" asserts="0" success="True" result="Success" executed="True" />
                </results>
              </test-suite>
              <test-suite type="TestFixture" name="Test-WindowsDriverUpdateLicense.Government and GCC High licenses" executed="True" result="Success" success="True" time="0.1045" asserts="0" description="Test-WindowsDriverUpdateLicense.Government and GCC High licenses">
                <results>
                  <test-case description="Should return $true when SPE_E3_GOV service plan is found" name="Test-WindowsDriverUpdateLicense.Government and GCC High licenses.Should return $true when SPE_E3_GOV service plan is found" time="0.0034" asserts="0" success="True" result="Success" executed="True" />
                  <test-case description="Should return $true when SPE_E5_USGOV_GCCHIGH service plan is found" name="Test-WindowsDriverUpdateLicense.Government and GCC High licenses.Should return $true when SPE_E5_USGOV_GCCHIGH service plan is found" time="0.0046" asserts="0" success="True" result="Success" executed="True" />
                </results>
              </test-suite>
            </results>
          </test-suite>
        </results>
      </test-suite>
    </results>
  </test-suite>
</test-results>